Sat, 27 May 2023 18:20:15 GMT
User bart@gmail.com has been logged in
----------------------------------------------------------------------------------------------------
Sat, 27 May 2023 18:23:02 GMT
User bart@gmail.com has been logged in
----------------------------------------------------------------------------------------------------
Sat, 27 May 2023 18:23:11 GMT
User admin@gmail.com has been logged in
----------------------------------------------------------------------------------------------------
Sat, 27 May 2023 18:23:23 GMT
User pamela@gmail.com has been logged in
----------------------------------------------------------------------------------------------------
Sat, 27 May 2023 18:23:36 GMT
User admin@gmail.com has been logged in
----------------------------------------------------------------------------------------------------
Sat, 27 May 2023 18:23:57 GMT
User bart@gmail.com has been logged in
----------------------------------------------------------------------------------------------------
Sat, 27 May 2023 18:25:10 GMT
User pamela@gmail.com has been logged in
----------------------------------------------------------------------------------------------------
Sat, 27 May 2023 18:26:57 GMT
User pamela@gmail.com has been logged in
----------------------------------------------------------------------------------------------------
Sat, 27 May 2023 18:27:35 GMT
User admin@gmail.com has been logged in
----------------------------------------------------------------------------------------------------
Sat, 27 May 2023 18:28:18 GMT
User admin@gmail.com has been logged in
----------------------------------------------------------------------------------------------------
Sun, 28 May 2023 07:41:10 GMT
User bart@gmail.com has been logged in
----------------------------------------------------------------------------------------------------
Sun, 28 May 2023 07:41:30 GMT
User admin@gmail.com has been logged in
----------------------------------------------------------------------------------------------------
Sun, 28 May 2023 07:43:40 GMT
User admin@gmail.com has been logged in
----------------------------------------------------------------------------------------------------
Sun, 28 May 2023 07:43:47 GMT
User pamela@gmail.com has been logged in
----------------------------------------------------------------------------------------------------
Sun, 28 May 2023 07:44:13 GMT
User homer@gmail.com has been logged in
----------------------------------------------------------------------------------------------------
Sun, 28 May 2023 07:48:25 GMT
User admin@gmail.com has been logged in
----------------------------------------------------------------------------------------------------
Sun, 28 May 2023 07:48:57 GMT
User bart@gmail.com has been logged in
----------------------------------------------------------------------------------------------------
Sun, 28 May 2023 07:49:28 GMT
User homer@gmail.com has been logged in
----------------------------------------------------------------------------------------------------
Sun, 28 May 2023 07:49:48 GMT
User pamela@gmail.com has been logged in
----------------------------------------------------------------------------------------------------
Sun, 28 May 2023 07:52:58 GMT
User leo@gmail.com has been logged in
----------------------------------------------------------------------------------------------------
Sun, 28 May 2023 07:53:25 GMT
User lisa@gmail.com has been logged in
----------------------------------------------------------------------------------------------------
Sun, 28 May 2023 07:54:09 GMT
User admin@gmail.com has been logged in
----------------------------------------------------------------------------------------------------
Sun, 28 May 2023 07:54:49 GMT
User admin@gmail.com has been logged in
----------------------------------------------------------------------------------------------------
Sun, 28 May 2023 07:55:09 GMT
User admin@gmail.com has been logged in
----------------------------------------------------------------------------------------------------
Sun, 28 May 2023 08:08:02 GMT
User admin@gmail.com has been logged in
----------------------------------------------------------------------------------------------------
Sun, 28 May 2023 08:09:07 GMT
User admin@gmail.com has been logged in
----------------------------------------------------------------------------------------------------
Sun, 28 May 2023 08:10:52 GMT
User admin@gmail.com has been logged in
----------------------------------------------------------------------------------------------------
Sun, 28 May 2023 08:10:59 GMT
User admin@gmail.com has been logged in
----------------------------------------------------------------------------------------------------
Sun, 28 May 2023 08:28:53 GMT
User bart@gmail.com has been logged in
----------------------------------------------------------------------------------------------------
Sun, 28 May 2023 08:30:35 GMT
User bart@gmail.com has been logged in
----------------------------------------------------------------------------------------------------
Sun, 28 May 2023 08:30:50 GMT
User bart@gmail.com has been logged in
----------------------------------------------------------------------------------------------------
Sun, 28 May 2023 08:39:32 GMT
User bart@gmail.com has been logged in
----------------------------------------------------------------------------------------------------
Sun, 28 May 2023 08:40:35 GMT
User bart@gmail.com has been logged in
----------------------------------------------------------------------------------------------------
Sun, 28 May 2023 08:43:52 GMT
User bart@gmail.com has been logged in
----------------------------------------------------------------------------------------------------
Sun, 28 May 2023 08:49:05 GMT
User admin@gmail.com has been logged in
----------------------------------------------------------------------------------------------------
Sun, 28 May 2023 08:53:23 GMT
User admin@gmail.com has been logged in
----------------------------------------------------------------------------------------------------
Sun, 28 May 2023 08:59:09 GMT
User admin@gmail.com has been logged in
----------------------------------------------------------------------------------------------------
Sun, 28 May 2023 08:59:26 GMT
User admin@gmail.com has been logged in
----------------------------------------------------------------------------------------------------
Sun, 28 May 2023 09:09:51 GMT
User admin@gmail.com has been logged in
----------------------------------------------------------------------------------------------------
Sun, 28 May 2023 09:10:40 GMT
User pamela@gmail.com has been logged in
----------------------------------------------------------------------------------------------------
Sun, 28 May 2023 14:21:19 GMT
User admin@gmail.com has been logged in
----------------------------------------------------------------------------------------------------
Sun, 28 May 2023 14:22:25 GMT
User pamela@gmail.com has been logged in
----------------------------------------------------------------------------------------------------
Sun, 28 May 2023 14:42:58 GMT
User pamela@gmail.com has been logged in
----------------------------------------------------------------------------------------------------
Sun, 28 May 2023 14:43:10 GMT
User leo@gmail.com has been logged in
----------------------------------------------------------------------------------------------------
Sun, 28 May 2023 15:03:41 GMT
User admin@gmail.com has been logged in
----------------------------------------------------------------------------------------------------
Sun, 28 May 2023 15:26:21 GMT
New user assaf@gmail.com has been registered
----------------------------------------------------------------------------------------------------
Sun, 28 May 2023 15:27:32 GMT
User assaf@gmail.com has been logged in
----------------------------------------------------------------------------------------------------
Sun, 28 May 2023 15:30:14 GMT
User admin@gmail.com has been logged in
----------------------------------------------------------------------------------------------------
Sun, 28 May 2023 15:30:46 GMT
User assaf@gmail.com has been logged in
----------------------------------------------------------------------------------------------------
Sun, 28 May 2023 15:31:58 GMT
User admin@gmail.com has been logged in
----------------------------------------------------------------------------------------------------
Sun, 28 May 2023 15:36:11 GMT
User leo@gmail.com has been logged in
----------------------------------------------------------------------------------------------------
Sun, 28 May 2023 15:36:29 GMT
User pamela@gmail.com has been logged in
----------------------------------------------------------------------------------------------------
Sun, 28 May 2023 15:43:55 GMT
User pamela@gmail.com has been logged in
----------------------------------------------------------------------------------------------------
Sun, 28 May 2023 16:13:37 GMT
New user samih@gmail.com has been registered
----------------------------------------------------------------------------------------------------
Sun, 28 May 2023 16:14:25 GMT
New user anna@gmail.com has been registered
----------------------------------------------------------------------------------------------------
Sun, 28 May 2023 16:22:48 GMT
New user veks@gmail.com has been registered
----------------------------------------------------------------------------------------------------
