Sat, 27 May 2023 18:20:23 GMT
"email" must be a valid email
----------------------------------------------------------------------------------------------------
Sat, 27 May 2023 18:22:58 GMT
"email" must be a valid email
----------------------------------------------------------------------------------------------------
Sat, 27 May 2023 20:15:07 GMT
No token found
----------------------------------------------------------------------------------------------------
Sat, 27 May 2023 20:15:07 GMT
No token found
----------------------------------------------------------------------------------------------------
Sat, 27 May 2023 20:15:07 GMT
No token found
----------------------------------------------------------------------------------------------------
Sat, 27 May 2023 20:15:07 GMT
No token found
----------------------------------------------------------------------------------------------------
Sat, 27 May 2023 20:15:07 GMT
No token found
----------------------------------------------------------------------------------------------------
Sat, 27 May 2023 20:15:07 GMT
No token found
----------------------------------------------------------------------------------------------------
Sat, 27 May 2023 20:15:07 GMT
No token found
----------------------------------------------------------------------------------------------------
Sat, 27 May 2023 20:15:07 GMT
No token found
----------------------------------------------------------------------------------------------------
Sat, 27 May 2023 20:15:07 GMT
No token found
----------------------------------------------------------------------------------------------------
Sat, 27 May 2023 20:15:07 GMT
No token found
----------------------------------------------------------------------------------------------------
Sat, 27 May 2023 20:15:55 GMT
No token found
----------------------------------------------------------------------------------------------------
Sat, 27 May 2023 20:15:55 GMT
No token found
----------------------------------------------------------------------------------------------------
Sat, 27 May 2023 20:15:55 GMT
No token found
----------------------------------------------------------------------------------------------------
Sat, 27 May 2023 20:15:55 GMT
No token found
----------------------------------------------------------------------------------------------------
Sat, 27 May 2023 20:15:55 GMT
No token found
----------------------------------------------------------------------------------------------------
Sat, 27 May 2023 20:15:55 GMT
No token found
----------------------------------------------------------------------------------------------------
Sat, 27 May 2023 20:15:55 GMT
No token found
----------------------------------------------------------------------------------------------------
Sat, 27 May 2023 20:15:55 GMT
No token found
----------------------------------------------------------------------------------------------------
Sat, 27 May 2023 20:15:55 GMT
No token found
----------------------------------------------------------------------------------------------------
Sat, 27 May 2023 20:15:55 GMT
No token found
----------------------------------------------------------------------------------------------------
Sun, 28 May 2023 07:40:50 GMT
Invalid token
----------------------------------------------------------------------------------------------------
Sun, 28 May 2023 07:44:04 GMT
Wrong username or password
----------------------------------------------------------------------------------------------------
